* using log directory ‘/Users/fdrennan/productor/productorapp.Rcheck’
* using R version 4.0.2 (2020-06-22)
* using platform: x86_64-apple-darwin17.0 (64-bit)
* using session charset: UTF-8
* using options ‘--no-manual --as-cran’
* checking for file ‘productorapp/DESCRIPTION’ ... OK
* checking extension type ... Package
* this is package ‘productorapp’ version ‘0.1.0’
* package encoding: UTF-8
* checking package namespace information ... OK
* checking package dependencies ... NOTE
Depends: includes the non-default packages:
  'shiny', 'shinydashboard', 'httr', 'jsonlite', 'magrittr',
  'shinycssloaders', 'glue', 'ggplot2', 'lubridate', 'dplyr', 'scales',
  'promises', 'future'
Adding so many packages to the search path is excessive and importing
selectively is preferable.
* checking if this is a source package ... OK
* checking if there is a namespace ... OK
* checking for executable files ... OK
* checking for hidden files and directories ... OK
* checking for portable file names ... OK
* checking for sufficient/correct file permissions ... OK
* checking serialization versions ... OK
* checking whether package ‘productorapp’ can be installed ... OK
* checking installed package size ... OK
* checking package directory ... OK
* checking for future file timestamps ... NOTE
unable to verify current time
* checking DESCRIPTION meta-information ... WARNING
Non-standard license specification:
  What license is it under?
Standardizable: FALSE
* checking top-level files ... OK
* checking for left-over files ... OK
* checking index information ... OK
* checking package subdirectories ... OK
* checking R files for non-ASCII characters ... OK
* checking R files for syntax errors ... OK
* checking whether the package can be loaded ... OK
* checking whether the package can be loaded with stated dependencies ... OK
* checking whether the package can be unloaded cleanly ... OK
* checking whether the namespace can be loaded with stated dependencies ... OK
* checking whether the namespace can be unloaded cleanly ... OK
* checking dependencies in R code ... NOTE
Packages in Depends field not imported from:
  ‘dplyr’ ‘future’ ‘ggplot2’ ‘glue’ ‘httr’ ‘jsonlite’ ‘lubridate’
  ‘magrittr’ ‘promises’ ‘scales’ ‘shiny’ ‘shinycssloaders’
  ‘shinydashboard’
  These packages need to be imported from (in the NAMESPACE file)
  for when this namespace is loaded but not attached.
* checking S3 generic/method consistency ... OK
* checking replacement functions ... OK
* checking foreign function calls ... OK
* checking R code for possible problems ... NOTE
airflow_image_box: no visible global function definition for ‘glue’
image_box: no visible global function definition for ‘box’
image_box: no visible binding for global variable ‘tags’
parse_response: no visible global function definition for ‘%>%’
parse_response: no visible global function definition for ‘content’
parse_response: no visible binding for global variable ‘fromJSON’
parse_response: no visible binding for global variable ‘.’
plot_tidyverse_downloads: no visible global function definition for
  ‘%>%’
plot_tidyverse_downloads: no visible global function definition for
  ‘GET’
plot_tidyverse_downloads: no visible global function definition for
  ‘glue’
plot_tidyverse_downloads: no visible global function definition for
  ‘mutate’
plot_tidyverse_downloads: no visible global function definition for
  ‘ymd’
plot_tidyverse_downloads: no visible binding for global variable
  ‘start_date’
plot_tidyverse_downloads: no visible binding for global variable
  ‘downloads’
plot_tidyverse_downloads: no visible global function definition for
  ‘ggplot’
plot_tidyverse_downloads: no visible global function definition for
  ‘aes’
plot_tidyverse_downloads: no visible global function definition for
  ‘geom_line’
plot_tidyverse_downloads: no visible global function definition for
  ‘xlab’
plot_tidyverse_downloads: no visible global function definition for
  ‘ylab’
plot_tidyverse_downloads: no visible global function definition for
  ‘ggtitle’
plot_tidyverse_downloads: no visible global function definition for
  ‘scale_x_date’
plot_tidyverse_downloads: no visible global function definition for
  ‘date_format’
plot_tidyverse_downloads: no visible global function definition for
  ‘theme’
plot_tidyverse_downloads: no visible global function definition for
  ‘element_text’
spinnerbox: no visible global function definition for ‘box’
spinnerbox: no visible global function definition for ‘withSpinner’
Undefined global functions or variables:
  %>% . GET aes box content date_format downloads element_text fromJSON
  geom_line ggplot ggtitle glue mutate scale_x_date start_date tags
  theme withSpinner xlab ylab ymd
Consider adding
  importFrom("graphics", "box")
to your NAMESPACE file.
* checking Rd files ... OK
* checking Rd metadata ... OK
* checking Rd line widths ... OK
* checking Rd cross-references ... OK
* checking for missing documentation entries ... WARNING
Undocumented code objects:
  ‘airflow_image_box’ ‘image_box’ ‘parse_response’
  ‘plot_tidyverse_downloads’ ‘repo_image_box’ ‘spinnerbox’
All user-level objects in a package should have documentation entries.
See chapter ‘Writing R documentation files’ in the ‘Writing R
Extensions’ manual.
* checking for code/documentation mismatches ... OK
* checking Rd \usage sections ... OK
* checking Rd contents ... OK
* checking for unstated dependencies in examples ... OK
* checking examples ... OK
* checking for non-standard things in the check directory ... OK
* checking for detritus in the temp directory ... OK
* DONE
Status: 2 WARNINGs, 4 NOTEs
